<?xml version="1.0" encoding="UTF-8"?>
<testng-results ignored="0" total="2" passed="2" failed="0" skipped="0">
  <reporter-output>
    <line>
      <![CDATA[<a href='/Users/sakirsahin/Desktop/MOCKITOASSESSMENT/SQACodingAssignmentTestNG/screenshots/passed/test12022-07-01-19-46-27.png'> <img src='/Users/sakirsahin/Desktop/MOCKITOASSESSMENT/SQACodingAssignmentTestNG/screenshots/passed/test12022-07-01-19-46-27.png' height='100' width='250'/> </a>]]>
    </line>
  </reporter-output>
  <suite started-at="2022-07-01T19:46:01 HST" name="All Test Suite" finished-at="2022-07-01T19:46:28 HST" duration-ms="26338">
    <groups>
    </groups>
    <test started-at="2022-07-01T19:46:01 HST" name="SakTest" finished-at="2022-07-01T19:46:28 HST" duration-ms="26338">
      <class name="test.APITest1">
        <test-method signature="apiTest1()[pri:0, instance:test.APITest1@290d210d]" started-at="2022-07-01T19:46:01 HST" name="apiTest1" finished-at="2022-07-01T19:46:04 HST" duration-ms="2334" status="PASS">
          <reporter-output>
          </reporter-output>
        </test-method> <!-- apiTest1 -->
      </class> <!-- test.APITest1 -->
      <class name="test.Test1">
        <test-method is-config="true" signature="start()[pri:0, instance:test.Test1@23f7d05d]" started-at="2022-07-01T19:46:04 HST" name="start" finished-at="2022-07-01T19:46:12 HST" duration-ms="8066" status="PASS">
          <reporter-output>
          </reporter-output>
        </test-method> <!-- start -->
        <test-method signature="test1()[pri:0, instance:test.Test1@23f7d05d]" started-at="2022-07-01T19:46:12 HST" name="test1" finished-at="2022-07-01T19:46:26 HST" duration-ms="14750" status="PASS">
          <reporter-output>
            <line>
              <![CDATA[<a href='/Users/sakirsahin/Desktop/MOCKITOASSESSMENT/SQACodingAssignmentTestNG/screenshots/passed/test12022-07-01-19-46-27.png'> <img src='/Users/sakirsahin/Desktop/MOCKITOASSESSMENT/SQACodingAssignmentTestNG/screenshots/passed/test12022-07-01-19-46-27.png' height='100' width='250'/> </a>]]>
            </line>
          </reporter-output>
        </test-method> <!-- test1 -->
        <test-method is-config="true" signature="tearDown()[pri:0, instance:test.Test1@23f7d05d]" started-at="2022-07-01T19:46:27 HST" name="tearDown" finished-at="2022-07-01T19:46:28 HST" duration-ms="269" status="PASS">
          <reporter-output>
          </reporter-output>
        </test-method> <!-- tearDown -->
      </class> <!-- test.Test1 -->
    </test> <!-- SakTest -->
  </suite> <!-- All Test Suite -->
</testng-results>
